[0m19:56:46.329396 [debug] [MainThread]: Sending event: {'category': 'dbt', 'action': 'invocation', 'label': 'start', 'context': [<snowplow_tracker.self_describing_json.SelfDescribingJson object at 0x0000020B485898E0>, <snowplow_tracker.self_describing_json.SelfDescribingJson object at 0x0000020B47552120>, <snowplow_tracker.self_describing_json.SelfDescribingJson object at 0x0000020B483BE180>]}


============================== 19:56:46.341438 | a00e6ba2-2cb1-48ef-b0a7-61a9e5ac7409 ==============================
[0m19:56:46.341438 [info ] [MainThread]: Running with dbt=1.10.3
[0m19:56:46.344240 [debug] [MainThread]: running dbt with arguments {'printer_width': '80', 'indirect_selection': 'eager', 'log_cache_events': 'False', 'write_json': 'True', 'partial_parse': 'True', 'cache_selected_only': 'False', 'profiles_dir': 'C:\\Users\\spadmaka\\.dbt', 'debug': 'False', 'fail_fast': 'False', 'log_path': 'logs', 'warn_error': 'None', 'version_check': 'True', 'use_colors': 'True', 'use_experimental_parser': 'False', 'empty': 'None', 'quiet': 'False', 'no_print': 'None', 'log_format': 'default', 'introspect': 'True', 'warn_error_options': 'WarnErrorOptionsV2(error=[], warn=[], silence=[])', 'invocation_command': 'dbt init bq_monitoring_practice', 'target_path': 'None', 'static_parser': 'True', 'send_anonymous_usage_stats': 'True'}
[0m19:56:46.414056 [info ] [MainThread]: Creating dbt configuration folder at C:\Users\spadmaka\.dbt
[0m19:56:46.419281 [debug] [MainThread]: Starter project path: C:\Program Files\Python312\Lib\site-packages\dbt\include\starter_project
[0m19:56:46.481307 [info ] [MainThread]: 
Your new dbt project "bq_monitoring_practice" was created!

For more information on how to configure the profiles.yml file,
please consult the dbt documentation here:

  https://docs.getdbt.com/docs/configure-your-profile

One more thing:

Need help? Don't hesitate to reach out to us via GitHub issues or on Slack:

  https://community.getdbt.com/

Happy modeling!

[0m19:56:46.482313 [info ] [MainThread]: Setting up your profile.
[0m19:57:00.140869 [error] [MainThread]: Encountered an error:
list index out of range
[0m19:57:00.149074 [error] [MainThread]: Traceback (most recent call last):
  File "C:\Program Files\Python312\Lib\site-packages\dbt\cli\requires.py", line 161, in wrapper
    result, success = func(*args, **kwargs)
                      ^^^^^^^^^^^^^^^^^^^^^
  File "C:\Program Files\Python312\Lib\site-packages\dbt\cli\requires.py", line 111, in wrapper
    return func(*args, **kwargs)
           ^^^^^^^^^^^^^^^^^^^^^
  File "C:\Program Files\Python312\Lib\site-packages\dbt\cli\main.py", line 483, in init
    results = task.run()
              ^^^^^^^^^^
  File "C:\Program Files\Python312\Lib\site-packages\dbt\task\init.py", line 346, in run
    self.setup_profile(profile_name)
  File "C:\Program Files\Python312\Lib\site-packages\dbt\task\init.py", line 261, in setup_profile
    adapter = self.ask_for_adapter_choice()
              ^^^^^^^^^^^^^^^^^^^^^^^^^^^^^
  File "C:\Program Files\Python312\Lib\site-packages\dbt\task\init.py", line 243, in ask_for_adapter_choice
    return available_adapters[numeric_choice - 1]
           ~~~~~~~~~~~~~~~~~~^^^^^^^^^^^^^^^^^^^^
IndexError: list index out of range

[0m19:57:00.152106 [debug] [MainThread]: Command `dbt init` failed at 19:57:00.152106 after 14.18 seconds
[0m19:57:00.153102 [debug] [MainThread]: Sending event: {'category': 'dbt', 'action': 'invocation', 'label': 'end', 'context': [<snowplow_tracker.self_describing_json.SelfDescribingJson object at 0x0000020B47EEEF00>, <snowplow_tracker.self_describing_json.SelfDescribingJson object at 0x0000020B48A57E90>, <snowplow_tracker.self_describing_json.SelfDescribingJson object at 0x0000020B485898E0>]}
[0m19:57:00.154098 [debug] [MainThread]: Flushing usage events
[0m19:57:01.147778 [debug] [MainThread]: An error was encountered while trying to flush usage events
[0m19:58:14.985175 [debug] [MainThread]: Sending event: {'category': 'dbt', 'action': 'invocation', 'label': 'start', 'context': [<snowplow_tracker.self_describing_json.SelfDescribingJson object at 0x000001DEF8915BE0>, <snowplow_tracker.self_describing_json.SelfDescribingJson object at 0x000001DEF882FEF0>, <snowplow_tracker.self_describing_json.SelfDescribingJson object at 0x000001DEF7226C90>]}


============================== 19:58:14.994177 | 7ced4f58-e30e-487d-8b18-35013b66b1e0 ==============================
[0m19:58:14.994177 [info ] [MainThread]: Running with dbt=1.10.3
[0m19:58:14.995174 [debug] [MainThread]: running dbt with arguments {'printer_width': '80', 'indirect_selection': 'eager', 'log_cache_events': 'False', 'write_json': 'True', 'partial_parse': 'True', 'cache_selected_only': 'False', 'warn_error': 'None', 'fail_fast': 'False', 'version_check': 'True', 'log_path': 'logs', 'debug': 'False', 'profiles_dir': 'C:\\Users\\spadmaka\\.dbt', 'use_colors': 'True', 'use_experimental_parser': 'False', 'no_print': 'None', 'quiet': 'False', 'empty': 'None', 'log_format': 'default', 'invocation_command': 'dbt init bq_monitoring_practice', 'introspect': 'True', 'static_parser': 'True', 'target_path': 'None', 'warn_error_options': 'WarnErrorOptionsV2(error=[], warn=[], silence=[])', 'send_anonymous_usage_stats': 'True'}
[0m19:58:15.026466 [info ] [MainThread]: A project called bq_monitoring_practice already exists here.
[0m19:58:15.027813 [debug] [MainThread]: Command `dbt init` succeeded at 19:58:15.027813 after 0.37 seconds
[0m19:58:15.028813 [debug] [MainThread]: Sending event: {'category': 'dbt', 'action': 'invocation', 'label': 'end', 'context': [<snowplow_tracker.self_describing_json.SelfDescribingJson object at 0x000001DEF8406510>, <snowplow_tracker.self_describing_json.SelfDescribingJson object at 0x000001DEF8405670>, <snowplow_tracker.self_describing_json.SelfDescribingJson object at 0x000001DEF8915BE0>]}
[0m19:58:15.029810 [debug] [MainThread]: Flushing usage events
[0m19:58:15.801567 [debug] [MainThread]: An error was encountered while trying to flush usage events
[0m20:04:24.831457 [debug] [MainThread]: Sending event: {'category': 'dbt', 'action': 'invocation', 'label': 'start', 'context': [<snowplow_tracker.self_describing_json.SelfDescribingJson object at 0x000001DEA794DCD0>, <snowplow_tracker.self_describing_json.SelfDescribingJson object at 0x000001DEA76633B0>, <snowplow_tracker.self_describing_json.SelfDescribingJson object at 0x000001DEA7AE2930>]}


============================== 20:04:24.842878 | e6063678-a4dd-425b-a620-f87e8a5aef80 ==============================
[0m20:04:24.842878 [info ] [MainThread]: Running with dbt=1.10.3
[0m20:04:24.845376 [debug] [MainThread]: running dbt with arguments {'printer_width': '80', 'indirect_selection': 'eager', 'log_cache_events': 'False', 'write_json': 'True', 'partial_parse': 'True', 'cache_selected_only': 'False', 'profiles_dir': 'C:\\Users\\spadmaka\\.dbt', 'debug': 'False', 'warn_error': 'None', 'log_path': 'logs', 'version_check': 'True', 'fail_fast': 'False', 'use_colors': 'True', 'use_experimental_parser': 'False', 'empty': 'None', 'quiet': 'False', 'no_print': 'None', 'warn_error_options': 'WarnErrorOptionsV2(error=[], warn=[], silence=[])', 'introspect': 'True', 'static_parser': 'True', 'log_format': 'default', 'target_path': 'None', 'invocation_command': 'dbt debug', 'send_anonymous_usage_stats': 'True'}
[0m20:04:24.879596 [info ] [MainThread]: dbt version: 1.10.3
[0m20:04:24.881589 [info ] [MainThread]: python version: 3.12.4
[0m20:04:24.882585 [info ] [MainThread]: python path: C:\Program Files\Python312\python.exe
[0m20:04:24.883581 [info ] [MainThread]: os info: Windows-11-10.0.26100-SP0
[0m20:04:30.645793 [info ] [MainThread]: Using profiles dir at C:\Users\spadmaka\.dbt
[0m20:04:30.647888 [info ] [MainThread]: Using profiles.yml file at C:\Users\spadmaka\.dbt\profiles.yml
[0m20:04:30.648895 [info ] [MainThread]: Using dbt_project.yml file at C:\My Learnings\bq_monitoring_practice\dbt_project.yml
[0m20:04:30.649902 [info ] [MainThread]: adapter type: bigquery
[0m20:04:30.650909 [info ] [MainThread]: adapter version: 1.9.2
[0m20:04:30.651916 [info ] [MainThread]: Configuration:
[0m20:04:30.655323 [info ] [MainThread]:   profiles.yml file [[32mOK found and valid[0m]
[0m20:04:30.657865 [info ] [MainThread]:   dbt_project.yml file [[31mERROR not found[0m]
[0m20:04:30.659423 [info ] [MainThread]: Required dependencies:
[0m20:04:30.660945 [debug] [MainThread]: Executing "git --help"
[0m20:04:30.857030 [debug] [MainThread]: STDOUT: "b"usage: git [-v | --version] [-h | --help] [-C <path>] [-c <name>=<value>]\n           [--exec-path[=<path>]] [--html-path] [--man-path] [--info-path]\n           [-p | --paginate | -P | --no-pager] [--no-replace-objects] [--no-lazy-fetch]\n           [--no-optional-locks] [--no-advice] [--bare] [--git-dir=<path>]\n           [--work-tree=<path>] [--namespace=<name>] [--config-env=<name>=<envvar>]\n           <command> [<args>]\n\nThese are common Git commands used in various situations:\n\nstart a working area (see also: git help tutorial)\n   clone      Clone a repository into a new directory\n   init       Create an empty Git repository or reinitialize an existing one\n\nwork on the current change (see also: git help everyday)\n   add        Add file contents to the index\n   mv         Move or rename a file, a directory, or a symlink\n   restore    Restore working tree files\n   rm         Remove files from the working tree and from the index\n\nexamine the history and state (see also: git help revisions)\n   bisect     Use binary search to find the commit that introduced a bug\n   diff       Show changes between commits, commit and working tree, etc\n   grep       Print lines matching a pattern\n   log        Show commit logs\n   show       Show various types of objects\n   status     Show the working tree status\n\ngrow, mark and tweak your common history\n   backfill   Download missing objects in a partial clone\n   branch     List, create, or delete branches\n   commit     Record changes to the repository\n   merge      Join two or more development histories together\n   rebase     Reapply commits on top of another base tip\n   reset      Reset current HEAD to the specified state\n   switch     Switch branches\n   tag        Create, list, delete or verify a tag object signed with GPG\n\ncollaborate (see also: git help workflows)\n   fetch      Download objects and refs from another repository\n   pull       Fetch from and integrate with another repository or a local branch\n   push       Update remote refs along with associated objects\n\n'git help -a' and 'git help -g' list available subcommands and some\nconcept guides. See 'git help <command>' or 'git help <concept>'\nto read about a specific subcommand or concept.\nSee 'git help git' for an overview of the system.\n""
[0m20:04:30.858038 [debug] [MainThread]: STDERR: "b''"
[0m20:04:30.859536 [info ] [MainThread]:  - git [[32mOK found[0m]

[0m20:04:30.861610 [info ] [MainThread]: Connection:
[0m20:04:30.862618 [info ] [MainThread]:   method: service-account
[0m20:04:30.863727 [info ] [MainThread]:   database: your-gcp-project-id
[0m20:04:30.864811 [info ] [MainThread]:   execution_project: your-gcp-project-id
[0m20:04:30.866338 [info ] [MainThread]:   schema: monitoring
[0m20:04:30.868450 [info ] [MainThread]:   location: None
[0m20:04:30.869474 [info ] [MainThread]:   priority: None
[0m20:04:30.870483 [info ] [MainThread]:   maximum_bytes_billed: None
[0m20:04:30.871490 [info ] [MainThread]:   impersonate_service_account: None
[0m20:04:30.872849 [info ] [MainThread]:   job_retry_deadline_seconds: None
[0m20:04:30.873865 [info ] [MainThread]:   job_retries: 1
[0m20:04:30.875180 [info ] [MainThread]:   job_creation_timeout_seconds: None
[0m20:04:30.876316 [info ] [MainThread]:   job_execution_timeout_seconds: None
[0m20:04:30.877323 [info ] [MainThread]:   timeout_seconds: None
[0m20:04:30.879340 [info ] [MainThread]:   client_id: None
[0m20:04:30.880358 [info ] [MainThread]:   token_uri: None
[0m20:04:30.881397 [info ] [MainThread]:   compute_region: None
[0m20:04:30.882408 [info ] [MainThread]:   dataproc_cluster_name: None
[0m20:04:30.883416 [info ] [MainThread]:   gcs_bucket: None
[0m20:04:30.884436 [info ] [MainThread]:   dataproc_batch: None
[0m20:04:30.886737 [info ] [MainThread]: Registered adapter: bigquery=1.9.2
[0m20:04:32.353635 [debug] [MainThread]: Acquiring new bigquery connection 'debug'
[0m20:04:32.354715 [debug] [MainThread]: On debug: select 1 as id
[0m20:04:32.355722 [debug] [MainThread]: Opening a new connection, currently in state init
[0m20:04:32.356729 [debug] [MainThread]: BigQuery adapter: Got an error when attempting to create a bigquery " "client: '[Errno 2] No such file or directory: 'C:\\path\\to\\your\\service-account.json''
[0m20:04:32.357726 [debug] [MainThread]: BigQuery adapter: Unhandled error while running:
select 1 as id
[0m20:04:32.359215 [debug] [MainThread]: BigQuery adapter: Database Error
  [Errno 2] No such file or directory: 'C:\\path\\to\\your\\service-account.json'
[0m20:04:32.360209 [info ] [MainThread]:   Connection test: [[31mERROR[0m]

[0m20:04:32.361712 [info ] [MainThread]: [31m2 checks failed:[0m
[0m20:04:32.362715 [info ] [MainThread]: Project loading failed for the following reason:
 project path <C:\My Learnings\bq_monitoring_practice\dbt_project.yml> not found

[0m20:04:32.362715 [info ] [MainThread]: dbt was unable to connect to the specified database.
The database returned the following error:

  >'NoneType' object has no attribute 'close'

Check your database credentials and try again. For more information, visit:
https://docs.getdbt.com/docs/configure-your-profile


[0m20:04:32.364708 [debug] [MainThread]: Command `dbt debug` failed at 20:04:32.364708 after 7.89 seconds
[0m20:04:32.365704 [debug] [MainThread]: Sending event: {'category': 'dbt', 'action': 'invocation', 'label': 'end', 'context': [<snowplow_tracker.self_describing_json.SelfDescribingJson object at 0x000001DEA794DCD0>, <snowplow_tracker.self_describing_json.SelfDescribingJson object at 0x000001DED0B7DAF0>, <snowplow_tracker.self_describing_json.SelfDescribingJson object at 0x000001DED08C14C0>]}
[0m20:04:32.366700 [debug] [MainThread]: Flushing usage events
[0m20:04:33.224480 [debug] [MainThread]: An error was encountered while trying to flush usage events
[0m20:05:06.567859 [debug] [MainThread]: Sending event: {'category': 'dbt', 'action': 'invocation', 'label': 'start', 'context': [<snowplow_tracker.self_describing_json.SelfDescribingJson object at 0x000001F075C91B20>, <snowplow_tracker.self_describing_json.SelfDescribingJson object at 0x000001F074A38B30>, <snowplow_tracker.self_describing_json.SelfDescribingJson object at 0x000001F075C92930>]}


============================== 20:05:06.576972 | 4b6bf639-77d0-42ff-9367-b79ec5f6c475 ==============================
[0m20:05:06.576972 [info ] [MainThread]: Running with dbt=1.10.3
[0m20:05:06.578998 [debug] [MainThread]: running dbt with arguments {'printer_width': '80', 'indirect_selection': 'eager', 'write_json': 'True', 'log_cache_events': 'False', 'partial_parse': 'True', 'cache_selected_only': 'False', 'warn_error': 'None', 'version_check': 'True', 'profiles_dir': 'C:\\Users\\spadmaka\\.dbt', 'log_path': 'logs', 'debug': 'False', 'fail_fast': 'False', 'use_colors': 'True', 'use_experimental_parser': 'False', 'no_print': 'None', 'quiet': 'False', 'empty': 'None', 'log_format': 'default', 'invocation_command': 'dbt debug', 'static_parser': 'True', 'warn_error_options': 'WarnErrorOptionsV2(error=[], warn=[], silence=[])', 'target_path': 'None', 'introspect': 'True', 'send_anonymous_usage_stats': 'True'}
[0m20:05:06.620460 [info ] [MainThread]: dbt version: 1.10.3
[0m20:05:06.621481 [info ] [MainThread]: python version: 3.12.4
[0m20:05:06.623500 [info ] [MainThread]: python path: C:\Program Files\Python312\python.exe
[0m20:05:06.624544 [info ] [MainThread]: os info: Windows-11-10.0.26100-SP0
[0m20:05:12.027982 [info ] [MainThread]: Using profiles dir at C:\Users\spadmaka\.dbt
[0m20:05:12.029106 [info ] [MainThread]: Using profiles.yml file at C:\Users\spadmaka\.dbt\profiles.yml
[0m20:05:12.030554 [info ] [MainThread]: Using dbt_project.yml file at C:\My Learnings\bq_monitoring_practice\dbt_project.yml
[0m20:05:12.030554 [info ] [MainThread]: adapter type: bigquery
[0m20:05:12.031615 [info ] [MainThread]: adapter version: 1.9.2
[0m20:05:12.031615 [info ] [MainThread]: Configuration:
[0m20:05:12.035700 [info ] [MainThread]:   profiles.yml file [[32mOK found and valid[0m]
[0m20:05:12.036998 [info ] [MainThread]:   dbt_project.yml file [[31mERROR not found[0m]
[0m20:05:12.038010 [info ] [MainThread]: Required dependencies:
[0m20:05:12.039108 [debug] [MainThread]: Executing "git --help"
[0m20:05:12.247856 [debug] [MainThread]: STDOUT: "b"usage: git [-v | --version] [-h | --help] [-C <path>] [-c <name>=<value>]\n           [--exec-path[=<path>]] [--html-path] [--man-path] [--info-path]\n           [-p | --paginate | -P | --no-pager] [--no-replace-objects] [--no-lazy-fetch]\n           [--no-optional-locks] [--no-advice] [--bare] [--git-dir=<path>]\n           [--work-tree=<path>] [--namespace=<name>] [--config-env=<name>=<envvar>]\n           <command> [<args>]\n\nThese are common Git commands used in various situations:\n\nstart a working area (see also: git help tutorial)\n   clone      Clone a repository into a new directory\n   init       Create an empty Git repository or reinitialize an existing one\n\nwork on the current change (see also: git help everyday)\n   add        Add file contents to the index\n   mv         Move or rename a file, a directory, or a symlink\n   restore    Restore working tree files\n   rm         Remove files from the working tree and from the index\n\nexamine the history and state (see also: git help revisions)\n   bisect     Use binary search to find the commit that introduced a bug\n   diff       Show changes between commits, commit and working tree, etc\n   grep       Print lines matching a pattern\n   log        Show commit logs\n   show       Show various types of objects\n   status     Show the working tree status\n\ngrow, mark and tweak your common history\n   backfill   Download missing objects in a partial clone\n   branch     List, create, or delete branches\n   commit     Record changes to the repository\n   merge      Join two or more development histories together\n   rebase     Reapply commits on top of another base tip\n   reset      Reset current HEAD to the specified state\n   switch     Switch branches\n   tag        Create, list, delete or verify a tag object signed with GPG\n\ncollaborate (see also: git help workflows)\n   fetch      Download objects and refs from another repository\n   pull       Fetch from and integrate with another repository or a local branch\n   push       Update remote refs along with associated objects\n\n'git help -a' and 'git help -g' list available subcommands and some\nconcept guides. See 'git help <command>' or 'git help <concept>'\nto read about a specific subcommand or concept.\nSee 'git help git' for an overview of the system.\n""
[0m20:05:12.248868 [debug] [MainThread]: STDERR: "b''"
[0m20:05:12.249381 [info ] [MainThread]:  - git [[32mOK found[0m]

[0m20:05:12.251483 [info ] [MainThread]: Connection:
[0m20:05:12.252560 [info ] [MainThread]:   method: service-account
[0m20:05:12.253568 [info ] [MainThread]:   database: your-gcp-project-id
[0m20:05:12.254597 [info ] [MainThread]:   execution_project: your-gcp-project-id
[0m20:05:12.255685 [info ] [MainThread]:   schema: monitoring
[0m20:05:12.257890 [info ] [MainThread]:   location: None
[0m20:05:12.259396 [info ] [MainThread]:   priority: None
[0m20:05:12.262759 [info ] [MainThread]:   maximum_bytes_billed: None
[0m20:05:12.267283 [info ] [MainThread]:   impersonate_service_account: None
[0m20:05:12.269326 [info ] [MainThread]:   job_retry_deadline_seconds: None
[0m20:05:12.274649 [info ] [MainThread]:   job_retries: 1
[0m20:05:12.276838 [info ] [MainThread]:   job_creation_timeout_seconds: None
[0m20:05:12.278321 [info ] [MainThread]:   job_execution_timeout_seconds: None
[0m20:05:12.281733 [info ] [MainThread]:   timeout_seconds: None
[0m20:05:12.282738 [info ] [MainThread]:   client_id: None
[0m20:05:12.283733 [info ] [MainThread]:   token_uri: None
[0m20:05:12.285001 [info ] [MainThread]:   compute_region: None
[0m20:05:12.287049 [info ] [MainThread]:   dataproc_cluster_name: None
[0m20:05:12.288057 [info ] [MainThread]:   gcs_bucket: None
[0m20:05:12.288057 [info ] [MainThread]:   dataproc_batch: None
[0m20:05:12.290548 [info ] [MainThread]: Registered adapter: bigquery=1.9.2
[0m20:05:13.502096 [debug] [MainThread]: Acquiring new bigquery connection 'debug'
[0m20:05:13.503092 [debug] [MainThread]: On debug: select 1 as id
[0m20:05:13.504089 [debug] [MainThread]: Opening a new connection, currently in state init
[0m20:05:13.505088 [debug] [MainThread]: BigQuery adapter: Got an error when attempting to create a bigquery " "client: '[Errno 2] No such file or directory: 'C:\\path\\to\\your\\service-account.json''
[0m20:05:13.506082 [debug] [MainThread]: BigQuery adapter: Unhandled error while running:
select 1 as id
[0m20:05:13.506082 [debug] [MainThread]: BigQuery adapter: Database Error
  [Errno 2] No such file or directory: 'C:\\path\\to\\your\\service-account.json'
[0m20:05:13.507079 [info ] [MainThread]:   Connection test: [[31mERROR[0m]

[0m20:05:13.508333 [info ] [MainThread]: [31m2 checks failed:[0m
[0m20:05:13.509602 [info ] [MainThread]: Project loading failed for the following reason:
 project path <C:\My Learnings\bq_monitoring_practice\dbt_project.yml> not found

[0m20:05:13.511614 [info ] [MainThread]: dbt was unable to connect to the specified database.
The database returned the following error:

  >'NoneType' object has no attribute 'close'

Check your database credentials and try again. For more information, visit:
https://docs.getdbt.com/docs/configure-your-profile


[0m20:05:13.512618 [debug] [MainThread]: Command `dbt debug` failed at 20:05:13.512618 after 7.30 seconds
[0m20:05:13.514056 [debug] [MainThread]: Sending event: {'category': 'dbt', 'action': 'invocation', 'label': 'end', 'context': [<snowplow_tracker.self_describing_json.SelfDescribingJson object at 0x000001F075F86960>, <snowplow_tracker.self_describing_json.SelfDescribingJson object at 0x000001F01EF7DAF0>, <snowplow_tracker.self_describing_json.SelfDescribingJson object at 0x000001F01F037E90>]}
[0m20:05:13.515062 [debug] [MainThread]: Flushing usage events
[0m20:05:14.688022 [debug] [MainThread]: An error was encountered while trying to flush usage events
